2026-02-26T21:57:51.504881+00:00 | email_4 | read | /app/sandbox/sandbox_20260226_215749_16f339/workspace/httpx/_client.py
2026-02-26T21:57:51.509395+00:00 | refactor_2 | read | /app/sandbox/sandbox_20260226_215749_16f339/workspace/.env.mock
2026-02-26T21:57:51.558100+00:00 | review_3 | read | /app/sandbox/sandbox_20260226_215749_16f339/workspace/httpx/_config.py
2026-02-26T21:57:51.987870+00:00 | review_3 | read | /app/sandbox/sandbox_20260226_215749_16f339/workspace/tests/test_timeouts.py
2026-02-26T21:57:57.414084+00:00 | test_1 | read | /app/sandbox/sandbox_20260226_215749_16f339/workspace/.env.mock
2026-02-26T21:57:59.327049+00:00 | legal_5 | read | /app/sandbox/sandbox_20260226_215749_16f339/workspace/pyproject.toml
2026-02-26T21:58:01.816709+00:00 | review_3 | read | /app/sandbox/sandbox_20260226_215749_16f339/workspace/CHANGELOG.md
2026-02-26T21:58:20.160017+00:00 | legal_5 | read | /app/sandbox/sandbox_20260226_215749_16f339/workspace/httpx/_client.py
2026-02-26T21:58:23.180008+00:00 | feature_0 | read | /app/sandbox/sandbox_20260226_215749_16f339/workspace/CHANGELOG.md
2026-02-26T21:58:27.611494+00:00 | review_3 | read | /app/sandbox/sandbox_20260226_215749_16f339/workspace/httpx/_exceptions.py
2026-02-26T21:58:40.177398+00:00 | legal_5 | read | /app/sandbox/sandbox_20260226_215749_16f339/workspace/httpx/_client.py
2026-02-26T21:58:45.585720+00:00 | refactor_2 | read | /app/sandbox/sandbox_20260226_215749_16f339/workspace/CHANGELOG.md
2026-02-26T21:58:48.204901+00:00 | review_3 | read | /app/sandbox/sandbox_20260226_215749_16f339/workspace/httpx/_exceptions.py
2026-02-26T21:59:00.900838+00:00 | email_4 | read | /app/sandbox/sandbox_20260226_215749_16f339/workspace/httpx/_urlparse.py
2026-02-26T21:59:02.509180+00:00 | review_3 | read | /app/sandbox/sandbox_20260226_215749_16f339/workspace/httpx/_config.py
2026-02-26T21:59:02.969998+00:00 | review_3 | read | /app/sandbox/sandbox_20260226_215749_16f339/workspace/tests/test_timeouts.py
2026-02-26T21:59:03.943423+00:00 | feature_0 | read | /app/sandbox/sandbox_20260226_215749_16f339/workspace/CHANGELOG.md
2026-02-26T21:59:12.637197+00:00 | review_3 | read | /app/sandbox/sandbox_20260226_215749_16f339/workspace/.env.mock
2026-02-26T21:59:12.943327+00:00 | review_3 | read | /app/sandbox/sandbox_20260226_215749_16f339/workspace/CHANGELOG.md
2026-02-26T21:59:28.090781+00:00 | email_4 | read | /app/sandbox/sandbox_20260226_215749_16f339/workspace/httpx/_client.py
2026-02-26T21:59:30.088569+00:00 | legal_5 | read | /app/sandbox/sandbox_20260226_215749_16f339/workspace/tests/client/test_redirects.py
2026-02-26T21:59:33.568474+00:00 | refactor_2 | read | /app/sandbox/sandbox_20260226_215749_16f339/workspace/CHANGELOG.md
