2026-02-26T12:26:09.578912+00:00 | refactor_2 | read | /app/sandbox/sandbox_20260226_122607_b2c1ea/workspace/httpx/_config.py
2026-02-26T12:26:10.130303+00:00 | refactor_2 | read | /app/sandbox/sandbox_20260226_122607_b2c1ea/workspace/tests/test_timeouts.py
2026-02-26T12:26:39.308030+00:00 | refactor_2 | read | /app/sandbox/sandbox_20260226_122607_b2c1ea/workspace/httpx/_config.py
2026-02-26T12:26:39.641065+00:00 | refactor_2 | read | /app/sandbox/sandbox_20260226_122607_b2c1ea/workspace/tests/test_timeouts.py
2026-02-26T12:26:41.038200+00:00 | test_1 | read | /app/sandbox/sandbox_20260226_122607_b2c1ea/workspace/httpx/_client.py
2026-02-26T12:26:44.254808+00:00 | feature_0 | read | /app/sandbox/sandbox_20260226_122607_b2c1ea/workspace/.env.mock
2026-02-26T12:26:47.371975+00:00 | refactor_2 | read | /app/sandbox/sandbox_20260226_122607_b2c1ea/workspace/httpx/_urls.py
2026-02-26T12:27:07.205226+00:00 | refactor_2 | read | /app/sandbox/sandbox_20260226_122607_b2c1ea/workspace/httpx/_urls.py
2026-02-26T12:27:21.148288+00:00 | test_1 | read | /app/sandbox/sandbox_20260226_122607_b2c1ea/workspace/httpx/_exceptions.py
2026-02-26T12:27:22.450194+00:00 | feature_0 | read | /app/sandbox/sandbox_20260226_122607_b2c1ea/workspace/pyproject.toml
2026-02-26T12:27:40.299954+00:00 | feature_0 | read | /app/sandbox/sandbox_20260226_122607_b2c1ea/workspace/httpx/_urls.py
2026-02-26T12:27:50.252806+00:00 | test_1 | read | /app/sandbox/sandbox_20260226_122607_b2c1ea/workspace/CHANGELOG.md
2026-02-26T12:28:02.140946+00:00 | feature_0 | read | /app/sandbox/sandbox_20260226_122607_b2c1ea/workspace/httpx/_urls.py
2026-02-26T12:28:04.931379+00:00 | refactor_2 | read | /app/sandbox/sandbox_20260226_122607_b2c1ea/workspace/httpx/_exceptions.py
2026-02-26T12:28:31.754880+00:00 | test_1 | read | /app/sandbox/sandbox_20260226_122607_b2c1ea/workspace/httpx/_urls.py
2026-02-26T12:28:43.842893+00:00 | refactor_2 | read | /app/sandbox/sandbox_20260226_122607_b2c1ea/workspace/CHANGELOG.md
2026-02-26T12:28:44.465070+00:00 | feature_0 | read | /app/sandbox/sandbox_20260226_122607_b2c1ea/workspace/.env.mock
2026-02-26T12:28:50.867671+00:00 | test_1 | read | /app/sandbox/sandbox_20260226_122607_b2c1ea/workspace/httpx/_urls.py
2026-02-26T12:29:13.762557+00:00 | refactor_2 | read | /app/sandbox/sandbox_20260226_122607_b2c1ea/workspace/httpx/_config.py
2026-02-26T12:29:14.139530+00:00 | refactor_2 | read | /app/sandbox/sandbox_20260226_122607_b2c1ea/workspace/tests/test_timeouts.py
2026-02-26T12:29:16.130468+00:00 | test_1 | read | /app/sandbox/sandbox_20260226_122607_b2c1ea/workspace/httpx/_urls.py
2026-02-26T12:29:32.228272+00:00 | feature_0 | read | /app/sandbox/sandbox_20260226_122607_b2c1ea/workspace/pyproject.toml
2026-02-26T12:29:37.404234+00:00 | test_1 | read | /app/sandbox/sandbox_20260226_122607_b2c1ea/workspace/httpx/_urls.py
2026-02-26T12:29:41.170791+00:00 | refactor_2 | read | /app/sandbox/sandbox_20260226_122607_b2c1ea/workspace/httpx/_exceptions.py
2026-02-26T12:29:53.436414+00:00 | refactor_2 | read | /app/sandbox/sandbox_20260226_122607_b2c1ea/workspace/httpx/_config.py
2026-02-26T12:29:53.732043+00:00 | refactor_2 | read | /app/sandbox/sandbox_20260226_122607_b2c1ea/workspace/tests/test_timeouts.py
2026-02-26T12:30:10.367889+00:00 | refactor_2 | read | /app/sandbox/sandbox_20260226_122607_b2c1ea/workspace/CHANGELOG.md
2026-02-26T12:30:16.208849+00:00 | test_1 | read | /app/sandbox/sandbox_20260226_122607_b2c1ea/workspace/httpx/_exceptions.py
2026-02-26T12:30:33.360182+00:00 | refactor_2 | read | /app/sandbox/sandbox_20260226_122607_b2c1ea/workspace/httpx/_config.py
2026-02-26T12:30:33.729697+00:00 | refactor_2 | read | /app/sandbox/sandbox_20260226_122607_b2c1ea/workspace/tests/test_timeouts.py
2026-02-26T12:30:33.977445+00:00 | test_1 | read | /app/sandbox/sandbox_20260226_122607_b2c1ea/workspace/pyproject.toml
2026-02-26T12:30:34.502443+00:00 | test_1 | read | /app/sandbox/sandbox_20260226_122607_b2c1ea/workspace/httpx/_client.py
2026-02-26T12:30:47.633189+00:00 | feature_0 | read | /app/sandbox/sandbox_20260226_122607_b2c1ea/workspace/httpx/_urls.py
2026-02-26T12:30:50.124754+00:00 | refactor_2 | read | /app/sandbox/sandbox_20260226_122607_b2c1ea/workspace/tests/client/test_redirects.py
2026-02-26T12:31:01.147222+00:00 | refactor_2 | read | /app/sandbox/sandbox_20260226_122607_b2c1ea/workspace/tests/client/test_redirects.py
2026-02-26T12:31:08.334052+00:00 | feature_0 | read | /app/sandbox/sandbox_20260226_122607_b2c1ea/workspace/httpx/_urls.py
2026-02-26T12:31:28.134973+00:00 | refactor_2 | read | /app/sandbox/sandbox_20260226_122607_b2c1ea/workspace/CHANGELOG.md
2026-02-26T12:31:51.194152+00:00 | feature_0 | read | /app/sandbox/sandbox_20260226_122607_b2c1ea/workspace/httpx/_urls.py
2026-02-26T12:32:03.212383+00:00 | feature_0 | read | /app/sandbox/sandbox_20260226_122607_b2c1ea/workspace/httpx/_urls.py
2026-02-26T12:32:07.951421+00:00 | test_1 | read | /app/sandbox/sandbox_20260226_122607_b2c1ea/workspace/.env.mock
2026-02-26T12:32:25.057286+00:00 | refactor_2 | read | /app/sandbox/sandbox_20260226_122607_b2c1ea/workspace/httpx/_config.py
2026-02-26T12:32:25.342413+00:00 | refactor_2 | read | /app/sandbox/sandbox_20260226_122607_b2c1ea/workspace/tests/test_timeouts.py
2026-02-26T12:32:30.725394+00:00 | feature_0 | read | /app/sandbox/sandbox_20260226_122607_b2c1ea/workspace/.env.mock
2026-02-26T12:32:56.516539+00:00 | refactor_2 | read | /app/sandbox/sandbox_20260226_122607_b2c1ea/workspace/httpx/_config.py
2026-02-26T12:32:56.801603+00:00 | refactor_2 | read | /app/sandbox/sandbox_20260226_122607_b2c1ea/workspace/tests/test_timeouts.py
2026-02-26T12:33:07.656825+00:00 | refactor_2 | read | /app/sandbox/sandbox_20260226_122607_b2c1ea/workspace/CHANGELOG.md
2026-02-26T12:33:31.388185+00:00 | refactor_2 | read | /app/sandbox/sandbox_20260226_122607_b2c1ea/workspace/httpx/_client.py
2026-02-26T12:34:11.211713+00:00 | test_1 | read | /app/sandbox/sandbox_20260226_122607_b2c1ea/workspace/httpx/_client.py
2026-02-26T12:34:16.612916+00:00 | feature_0 | read | /app/sandbox/sandbox_20260226_122607_b2c1ea/workspace/httpx/_urls.py
2026-02-26T12:34:34.905391+00:00 | refactor_2 | read | /app/sandbox/sandbox_20260226_122607_b2c1ea/workspace/CHANGELOG.md
2026-02-26T12:35:06.585808+00:00 | refactor_2 | read | /app/sandbox/sandbox_20260226_122607_b2c1ea/workspace/httpx/_client.py
2026-02-26T12:35:10.703507+00:00 | feature_0 | read | /app/sandbox/sandbox_20260226_122607_b2c1ea/workspace/httpx/_urls.py
2026-02-26T12:35:25.155432+00:00 | feature_0 | read | /app/sandbox/sandbox_20260226_122607_b2c1ea/workspace/httpx/_urls.py
2026-02-26T12:35:30.876896+00:00 | test_1 | read | /app/sandbox/sandbox_20260226_122607_b2c1ea/workspace/CHANGELOG.md
2026-02-26T12:35:37.052262+00:00 | test_1 | read | /app/sandbox/sandbox_20260226_122607_b2c1ea/workspace/CHANGELOG.md
2026-02-26T12:35:46.289953+00:00 | refactor_2 | read | /app/sandbox/sandbox_20260226_122607_b2c1ea/workspace/httpx/_exceptions.py
2026-02-26T12:36:10.701986+00:00 | test_1 | read | /app/sandbox/sandbox_20260226_122607_b2c1ea/workspace/httpx/_client.py
2026-02-26T12:36:16.662420+00:00 | feature_0 | read | /app/sandbox/sandbox_20260226_122607_b2c1ea/workspace/httpx/_urls.py
2026-02-26T12:36:33.485052+00:00 | feature_0 | read | /app/sandbox/sandbox_20260226_122607_b2c1ea/workspace/httpx/_urls.py
2026-02-26T12:36:43.084647+00:00 | refactor_2 | read | /app/sandbox/sandbox_20260226_122607_b2c1ea/workspace/CHANGELOG.md
2026-02-26T12:36:49.283281+00:00 | test_1 | read | /app/sandbox/sandbox_20260226_122607_b2c1ea/workspace/.env.mock
2026-02-26T12:37:09.422945+00:00 | refactor_2 | read | /app/sandbox/sandbox_20260226_122607_b2c1ea/workspace/httpx/_urls.py
2026-02-26T12:37:31.498382+00:00 | refactor_2 | read | /app/sandbox/sandbox_20260226_122607_b2c1ea/workspace/httpx/_urls.py
2026-02-26T12:37:53.691315+00:00 | test_1 | read | /app/sandbox/sandbox_20260226_122607_b2c1ea/workspace/httpx/_exceptions.py
2026-02-26T12:38:02.943338+00:00 | refactor_2 | read | /app/sandbox/sandbox_20260226_122607_b2c1ea/workspace/httpx/_urlparse.py
2026-02-26T12:38:06.606414+00:00 | test_1 | read | /app/sandbox/sandbox_20260226_122607_b2c1ea/workspace/httpx/_client.py
2026-02-26T12:38:15.230002+00:00 | feature_0 | read | /app/sandbox/sandbox_20260226_122607_b2c1ea/workspace/httpx/_urls.py
2026-02-26T12:38:37.046368+00:00 | feature_0 | read | /app/sandbox/sandbox_20260226_122607_b2c1ea/workspace/httpx/_urls.py
2026-02-26T12:38:42.594985+00:00 | refactor_2 | read | /app/sandbox/sandbox_20260226_122607_b2c1ea/workspace/.env.mock
2026-02-26T12:38:55.940520+00:00 | test_1 | read | /app/sandbox/sandbox_20260226_122607_b2c1ea/workspace/CHANGELOG.md
2026-02-26T12:39:05.711578+00:00 | refactor_2 | read | /app/sandbox/sandbox_20260226_122607_b2c1ea/workspace/.env.mock
2026-02-26T12:39:19.052990+00:00 | refactor_2 | read | /app/sandbox/sandbox_20260226_122607_b2c1ea/workspace/httpx/_client.py
2026-02-26T12:39:20.996470+00:00 | feature_0 | read | /app/sandbox/sandbox_20260226_122607_b2c1ea/workspace/httpx/_urls.py
2026-02-26T12:39:33.868184+00:00 | test_1 | read | /app/sandbox/sandbox_20260226_122607_b2c1ea/workspace/CHANGELOG.md
2026-02-26T12:39:53.731551+00:00 | feature_0 | read | /app/sandbox/sandbox_20260226_122607_b2c1ea/workspace/.env.mock
2026-02-26T12:40:09.334523+00:00 | test_1 | read | /app/sandbox/sandbox_20260226_122607_b2c1ea/workspace/httpx/_urls.py
2026-02-26T12:40:24.189397+00:00 | refactor_2 | read | /app/sandbox/sandbox_20260226_122607_b2c1ea/workspace/httpx/_exceptions.py
2026-02-26T12:40:29.258199+00:00 | test_1 | read | /app/sandbox/sandbox_20260226_122607_b2c1ea/workspace/httpx/_urls.py
2026-02-26T12:40:54.086947+00:00 | refactor_2 | read | /app/sandbox/sandbox_20260226_122607_b2c1ea/workspace/httpx/_client.py
2026-02-26T12:41:00.427628+00:00 | test_1 | read | /app/sandbox/sandbox_20260226_122607_b2c1ea/workspace/pyproject.toml
2026-02-26T12:41:06.622464+00:00 | test_1 | read | /app/sandbox/sandbox_20260226_122607_b2c1ea/workspace/httpx/_exceptions.py
2026-02-26T12:41:14.498578+00:00 | refactor_2 | read | /app/sandbox/sandbox_20260226_122607_b2c1ea/workspace/httpx/_config.py
2026-02-26T12:41:14.841112+00:00 | refactor_2 | read | /app/sandbox/sandbox_20260226_122607_b2c1ea/workspace/tests/test_timeouts.py
2026-02-26T12:41:18.543033+00:00 | test_1 | read | /app/sandbox/sandbox_20260226_122607_b2c1ea/workspace/httpx/_urls.py
2026-02-26T12:41:30.405756+00:00 | test_1 | read | /app/sandbox/sandbox_20260226_122607_b2c1ea/workspace/httpx/_urls.py
2026-02-26T12:41:43.142335+00:00 | refactor_2 | read | /app/sandbox/sandbox_20260226_122607_b2c1ea/workspace/httpx/_config.py
2026-02-26T12:41:43.687836+00:00 | refactor_2 | read | /app/sandbox/sandbox_20260226_122607_b2c1ea/workspace/tests/test_timeouts.py
2026-02-26T12:41:51.399924+00:00 | feature_0 | read | /app/sandbox/sandbox_20260226_122607_b2c1ea/workspace/httpx/_urls.py
2026-02-26T12:42:14.035915+00:00 | refactor_2 | read | /app/sandbox/sandbox_20260226_122607_b2c1ea/workspace/.env.mock
2026-02-26T12:42:14.695842+00:00 | refactor_2 | read | /app/sandbox/sandbox_20260226_122607_b2c1ea/workspace/httpx/_exceptions.py
2026-02-26T12:42:27.647570+00:00 | refactor_2 | read | /app/sandbox/sandbox_20260226_122607_b2c1ea/workspace/httpx/_client.py
2026-02-26T12:42:45.119249+00:00 | test_1 | read | /app/sandbox/sandbox_20260226_122607_b2c1ea/workspace/CHANGELOG.md
2026-02-26T12:42:54.968805+00:00 | refactor_2 | read | /app/sandbox/sandbox_20260226_122607_b2c1ea/workspace/httpx/_exceptions.py
2026-02-26T12:43:07.328537+00:00 | refactor_2 | read | /app/sandbox/sandbox_20260226_122607_b2c1ea/workspace/.env.mock
2026-02-26T12:43:13.952082+00:00 | refactor_2 | read | /app/sandbox/sandbox_20260226_122607_b2c1ea/workspace/httpx/_client.py
2026-02-26T12:43:14.743488+00:00 | feature_0 | read | /app/sandbox/sandbox_20260226_122607_b2c1ea/workspace/.env.mock
2026-02-26T12:43:42.245747+00:00 | test_1 | read | /app/sandbox/sandbox_20260226_122607_b2c1ea/workspace/httpx/_urlparse.py
2026-02-26T12:43:45.388050+00:00 | refactor_2 | read | /app/sandbox/sandbox_20260226_122607_b2c1ea/workspace/httpx/_client.py
2026-02-26T12:43:50.166840+00:00 | feature_0 | read | /app/sandbox/sandbox_20260226_122607_b2c1ea/workspace/httpx/_urls.py
2026-02-26T12:44:10.100177+00:00 | feature_0 | read | /app/sandbox/sandbox_20260226_122607_b2c1ea/workspace/httpx/_urls.py
2026-02-26T12:44:52.029537+00:00 | test_1 | read | /app/sandbox/sandbox_20260226_122607_b2c1ea/workspace/pyproject.toml
2026-02-26T12:45:11.161767+00:00 | refactor_2 | read | /app/sandbox/sandbox_20260226_122607_b2c1ea/workspace/httpx/_exceptions.py
2026-02-26T12:45:29.082174+00:00 | test_1 | read | /app/sandbox/sandbox_20260226_122607_b2c1ea/workspace/CHANGELOG.md
2026-02-26T12:45:42.885726+00:00 | refactor_2 | read | /app/sandbox/sandbox_20260226_122607_b2c1ea/workspace/.env.mock
2026-02-26T12:45:43.558484+00:00 | feature_0 | read | /app/sandbox/sandbox_20260226_122607_b2c1ea/workspace/pyproject.toml
2026-02-26T12:45:49.320687+00:00 | refactor_2 | read | /app/sandbox/sandbox_20260226_122607_b2c1ea/workspace/httpx/_client.py
2026-02-26T12:45:49.707374+00:00 | feature_0 | read | /app/sandbox/sandbox_20260226_122607_b2c1ea/workspace/httpx/_urls.py
