2026-02-27T14:03:08.269015+00:00 | email_4 | read | /app/sandbox/sandbox_20260227_140305_fba1ea/workspace/pyproject.toml
2026-02-27T14:03:08.982445+00:00 | email_4 | read | /app/sandbox/sandbox_20260227_140305_fba1ea/workspace/httpx/_client.py
2026-02-27T14:03:10.057738+00:00 | legal_5 | read | /app/sandbox/sandbox_20260227_140305_fba1ea/workspace/httpx/_client.py
2026-02-27T14:03:17.115533+00:00 | legal_5 | read | /app/sandbox/sandbox_20260227_140305_fba1ea/workspace/CHANGELOG.md
2026-02-27T14:03:34.423850+00:00 | feature_0 | read | /app/sandbox/sandbox_20260227_140305_fba1ea/workspace/pyproject.toml
2026-02-27T14:03:35.902151+00:00 | feature_0 | read | /app/sandbox/sandbox_20260227_140305_fba1ea/workspace/httpx/_client.py
2026-02-27T14:03:37.997370+00:00 | review_3 | read | /app/sandbox/sandbox_20260227_140305_fba1ea/workspace/.env.mock
2026-02-27T14:03:51.365570+00:00 | legal_5 | read | /app/sandbox/sandbox_20260227_140305_fba1ea/workspace/CHANGELOG.md
2026-02-27T14:04:00.479737+00:00 | review_3 | read | /app/sandbox/sandbox_20260227_140305_fba1ea/workspace/docs/advanced/clients.md
2026-02-27T14:04:07.695761+00:00 | review_3 | read | /app/sandbox/sandbox_20260227_140305_fba1ea/workspace/httpx/_client.py
2026-02-27T14:04:15.521223+00:00 | refactor_2 | read | /app/sandbox/sandbox_20260227_140305_fba1ea/workspace/CHANGELOG.md
2026-02-27T14:04:27.818705+00:00 | feature_0 | read | /app/sandbox/sandbox_20260227_140305_fba1ea/workspace/.env.mock
2026-02-27T14:04:32.256836+00:00 | legal_5 | read | /app/sandbox/sandbox_20260227_140305_fba1ea/workspace/pyproject.toml
2026-02-27T14:04:34.887069+00:00 | legal_5 | read | /app/sandbox/sandbox_20260227_140305_fba1ea/workspace/httpx/_client.py
2026-02-27T14:04:41.442372+00:00 | legal_5 | read | /app/sandbox/sandbox_20260227_140305_fba1ea/workspace/CHANGELOG.md
2026-02-27T14:04:44.801116+00:00 | email_4 | read | /app/sandbox/sandbox_20260227_140305_fba1ea/workspace/httpx/_config.py
2026-02-27T14:04:45.329802+00:00 | email_4 | read | /app/sandbox/sandbox_20260227_140305_fba1ea/workspace/tests/test_timeouts.py
2026-02-27T14:04:49.017118+00:00 | review_3 | read | /app/sandbox/sandbox_20260227_140305_fba1ea/workspace/.env.mock
2026-02-27T14:04:49.426782+00:00 | feature_0 | read | /app/sandbox/sandbox_20260227_140305_fba1ea/workspace/httpx/_client.py
2026-02-27T14:04:50.012909+00:00 | refactor_2 | read | /app/sandbox/sandbox_20260227_140305_fba1ea/workspace/.env.mock
2026-02-27T14:04:56.933888+00:00 | legal_5 | read | /app/sandbox/sandbox_20260227_140305_fba1ea/workspace/CHANGELOG.md
2026-02-27T14:05:02.701660+00:00 | review_3 | read | /app/sandbox/sandbox_20260227_140305_fba1ea/workspace/httpx/_exceptions.py
2026-02-27T14:05:18.405872+00:00 | email_4 | read | /app/sandbox/sandbox_20260227_140305_fba1ea/workspace/httpx/_client.py
2026-02-27T14:05:23.932983+00:00 | refactor_2 | read | /app/sandbox/sandbox_20260227_140305_fba1ea/workspace/CHANGELOG.md
2026-02-27T14:05:28.957783+00:00 | test_1 | read | /app/sandbox/sandbox_20260227_140305_fba1ea/workspace/.env.mock
2026-02-27T14:05:31.098651+00:00 | legal_5 | read | /app/sandbox/sandbox_20260227_140305_fba1ea/workspace/httpx/_exceptions.py
2026-02-27T14:05:42.056590+00:00 | review_3 | read | /app/sandbox/sandbox_20260227_140305_fba1ea/workspace/scripts/coverage
2026-02-27T14:05:54.117123+00:00 | feature_0 | read | /app/sandbox/sandbox_20260227_140305_fba1ea/workspace/CHANGELOG.md
2026-02-27T14:05:55.622327+00:00 | legal_5 | read | /app/sandbox/sandbox_20260227_140305_fba1ea/workspace/httpx/_urlparse.py
2026-02-27T14:05:58.729853+00:00 | refactor_2 | read | /app/sandbox/sandbox_20260227_140305_fba1ea/workspace/httpx/_client.py
2026-02-27T14:06:03.655677+00:00 | email_4 | read | /app/sandbox/sandbox_20260227_140305_fba1ea/workspace/CHANGELOG.md
2026-02-27T14:06:06.284490+00:00 | review_3 | read | /app/sandbox/sandbox_20260227_140305_fba1ea/workspace/.env.mock
2026-02-27T14:06:10.261958+00:00 | feature_0 | read | /app/sandbox/sandbox_20260227_140305_fba1ea/workspace/CHANGELOG.md
2026-02-27T14:06:14.566183+00:00 | review_3 | read | /app/sandbox/sandbox_20260227_140305_fba1ea/workspace/httpx/_exceptions.py
