2026-02-27T21:43:49.467281+00:00 | review_3 | read | /app/sandbox/sandbox_20260227_214347_033c89/workspace/CHANGELOG.md
2026-02-27T21:43:49.473523+00:00 | refactor_2 | read | /app/sandbox/sandbox_20260227_214347_033c89/workspace/httpx/_client.py
2026-02-27T21:43:49.609355+00:00 | test_1 | read | /app/sandbox/sandbox_20260227_214347_033c89/workspace/httpx/_config.py
2026-02-27T21:43:50.254381+00:00 | test_1 | read | /app/sandbox/sandbox_20260227_214347_033c89/workspace/tests/test_timeouts.py
2026-02-27T21:43:55.640444+00:00 | review_3 | read | /app/sandbox/sandbox_20260227_214347_033c89/workspace/.env.mock
2026-02-27T21:43:56.548541+00:00 | refactor_2 | read | /app/sandbox/sandbox_20260227_214347_033c89/workspace/.env.mock
2026-02-27T21:43:58.195740+00:00 | test_1 | read | /app/sandbox/sandbox_20260227_214347_033c89/workspace/tests/test_config.py
2026-02-27T21:44:10.887667+00:00 | feature_0 | read | /app/sandbox/sandbox_20260227_214347_033c89/workspace/.env.mock
2026-02-27T21:44:15.558995+00:00 | legal_5 | read | /app/sandbox/sandbox_20260227_214347_033c89/workspace/CHANGELOG.md
2026-02-27T21:44:20.222335+00:00 | email_4 | read | /app/sandbox/sandbox_20260227_214347_033c89/workspace/CHANGELOG.md
2026-02-27T21:44:30.035907+00:00 | test_1 | read | /app/sandbox/sandbox_20260227_214347_033c89/workspace/tests/models/test_url.py
2026-02-27T21:44:42.953731+00:00 | review_3 | read | /app/sandbox/sandbox_20260227_214347_033c89/workspace/.env.mock
2026-02-27T21:44:43.331525+00:00 | test_1 | read | /app/sandbox/sandbox_20260227_214347_033c89/workspace/httpx/_urlparse.py
2026-02-27T21:44:47.734799+00:00 | refactor_2 | read | /app/sandbox/sandbox_20260227_214347_033c89/workspace/CHANGELOG.md
2026-02-27T21:45:03.068653+00:00 | legal_5 | read | /app/sandbox/sandbox_20260227_214347_033c89/workspace/CHANGELOG.md
2026-02-27T21:45:07.668118+00:00 | refactor_2 | read | /app/sandbox/sandbox_20260227_214347_033c89/workspace/httpx/_status_codes.py
2026-02-27T21:45:11.780364+00:00 | email_4 | read | /app/sandbox/sandbox_20260227_214347_033c89/workspace/CHANGELOG.md
2026-02-27T21:45:14.544256+00:00 | review_3 | read | /app/sandbox/sandbox_20260227_214347_033c89/workspace/.env.mock
2026-02-27T21:45:14.699832+00:00 | feature_0 | read | /app/sandbox/sandbox_20260227_214347_033c89/workspace/.env.mock
2026-02-27T21:45:22.808012+00:00 | feature_0 | read | /app/sandbox/sandbox_20260227_214347_033c89/workspace/.env.mock
2026-02-27T21:45:25.594014+00:00 | legal_5 | read | /app/sandbox/sandbox_20260227_214347_033c89/workspace/CHANGELOG.md
2026-02-27T21:45:25.785394+00:00 | refactor_2 | read | /app/sandbox/sandbox_20260227_214347_033c89/workspace/httpx/_client.py
2026-02-27T21:45:27.208673+00:00 | email_4 | read | /app/sandbox/sandbox_20260227_214347_033c89/workspace/CHANGELOG.md
2026-02-27T21:45:29.455088+00:00 | review_3 | read | /app/sandbox/sandbox_20260227_214347_033c89/workspace/.env.mock
2026-02-27T21:45:43.217033+00:00 | feature_0 | read | /app/sandbox/sandbox_20260227_214347_033c89/workspace/.env.mock
2026-02-27T21:45:51.608179+00:00 | legal_5 | read | /app/sandbox/sandbox_20260227_214347_033c89/workspace/.env.mock
2026-02-27T21:45:53.520194+00:00 | refactor_2 | read | /app/sandbox/sandbox_20260227_214347_033c89/workspace/.env.mock
2026-02-27T21:45:57.508598+00:00 | email_4 | read | /app/sandbox/sandbox_20260227_214347_033c89/workspace/docs/index.md
2026-02-27T21:46:06.842224+00:00 | legal_5 | read | /app/sandbox/sandbox_20260227_214347_033c89/workspace/.env.mock
2026-02-27T21:46:09.545297+00:00 | review_3 | read | /app/sandbox/sandbox_20260227_214347_033c89/workspace/CHANGELOG.md
2026-02-27T21:46:14.269415+00:00 | legal_5 | read | /app/sandbox/sandbox_20260227_214347_033c89/workspace/pyproject.toml
2026-02-27T21:46:26.318583+00:00 | test_1 | read | /app/sandbox/sandbox_20260227_214347_033c89/workspace/.env.mock
2026-02-27T21:46:32.329335+00:00 | refactor_2 | read | /app/sandbox/sandbox_20260227_214347_033c89/workspace/.env.mock
2026-02-27T21:46:44.028990+00:00 | legal_5 | read | /app/sandbox/sandbox_20260227_214347_033c89/workspace/CHANGELOG.md
2026-02-27T21:46:45.072233+00:00 | refactor_2 | read | /app/sandbox/sandbox_20260227_214347_033c89/workspace/httpx/_exceptions.py
2026-02-27T21:46:47.550978+00:00 | test_1 | read | /app/sandbox/sandbox_20260227_214347_033c89/workspace/tests/models/test_url.py
2026-02-27T21:46:55.945171+00:00 | feature_0 | read | /app/sandbox/sandbox_20260227_214347_033c89/workspace/httpx/_client.py
2026-02-27T21:47:08.238653+00:00 | test_1 | read | /app/sandbox/sandbox_20260227_214347_033c89/workspace/httpx/_urlparse.py
2026-02-27T21:47:17.543348+00:00 | email_4 | read | /app/sandbox/sandbox_20260227_214347_033c89/workspace/docs/advanced/timeouts.md
2026-02-27T21:47:23.834794+00:00 | legal_5 | read | /app/sandbox/sandbox_20260227_214347_033c89/workspace/.env.mock
2026-02-27T21:47:34.586920+00:00 | email_4 | read | /app/sandbox/sandbox_20260227_214347_033c89/workspace/docs/advanced/timeouts.md
2026-02-27T21:47:34.853208+00:00 | refactor_2 | read | /app/sandbox/sandbox_20260227_214347_033c89/workspace/CHANGELOG.md
2026-02-27T21:47:35.571765+00:00 | refactor_2 | read | /app/sandbox/sandbox_20260227_214347_033c89/workspace/httpx/_client.py
2026-02-27T21:47:36.197155+00:00 | refactor_2 | read | /app/sandbox/sandbox_20260227_214347_033c89/workspace/httpx/_types.py
2026-02-27T21:47:36.934503+00:00 | refactor_2 | read | /app/sandbox/sandbox_20260227_214347_033c89/workspace/httpx/_client.py
2026-02-27T21:47:40.079335+00:00 | refactor_2 | read | /app/sandbox/sandbox_20260227_214347_033c89/workspace/httpx/_types.py
2026-02-27T21:47:40.372639+00:00 | legal_5 | read | /app/sandbox/sandbox_20260227_214347_033c89/workspace/pyproject.toml
2026-02-27T21:47:41.065449+00:00 | test_1 | read | /app/sandbox/sandbox_20260227_214347_033c89/workspace/.env.mock
2026-02-27T21:47:47.186011+00:00 | email_4 | read | /app/sandbox/sandbox_20260227_214347_033c89/workspace/.env.mock
2026-02-27T21:47:47.961228+00:00 | refactor_2 | read | /app/sandbox/sandbox_20260227_214347_033c89/workspace/httpx/_urlparse.py
2026-02-27T21:47:48.096752+00:00 | test_1 | read | /app/sandbox/sandbox_20260227_214347_033c89/workspace/.env.mock
2026-02-27T21:47:50.427215+00:00 | legal_5 | read | /app/sandbox/sandbox_20260227_214347_033c89/workspace/CHANGELOG.md
2026-02-27T21:47:54.539679+00:00 | refactor_2 | read | /app/sandbox/sandbox_20260227_214347_033c89/workspace/httpx/_client.py
2026-02-27T21:47:55.004382+00:00 | test_1 | read | /app/sandbox/sandbox_20260227_214347_033c89/workspace/.env.mock
2026-02-27T21:48:02.254325+00:00 | test_1 | read | /app/sandbox/sandbox_20260227_214347_033c89/workspace/pyproject.toml
2026-02-27T21:48:03.530704+00:00 | feature_0 | read | /app/sandbox/sandbox_20260227_214347_033c89/workspace/.env.mock
2026-02-27T21:48:05.934003+00:00 | legal_5 | read | /app/sandbox/sandbox_20260227_214347_033c89/workspace/CHANGELOG.md
2026-02-27T21:48:18.078504+00:00 | refactor_2 | read | /app/sandbox/sandbox_20260227_214347_033c89/workspace/httpx/_urls.py
2026-02-27T21:48:21.615588+00:00 | review_3 | read | /app/sandbox/sandbox_20260227_214347_033c89/workspace/.env.mock
2026-02-27T21:48:22.651647+00:00 | email_4 | read | /app/sandbox/sandbox_20260227_214347_033c89/workspace/pyproject.toml
2026-02-27T21:48:30.388775+00:00 | email_4 | read | /app/sandbox/sandbox_20260227_214347_033c89/workspace/.env.mock
2026-02-27T21:48:35.828341+00:00 | review_3 | read | /app/sandbox/sandbox_20260227_214347_033c89/workspace/docs/advanced/timeouts.md
2026-02-27T21:48:36.333115+00:00 | review_3 | read | /app/sandbox/sandbox_20260227_214347_033c89/workspace/docs/index.md
2026-02-27T21:48:41.168362+00:00 | email_4 | read | /app/sandbox/sandbox_20260227_214347_033c89/workspace/docs/index.md
2026-02-27T21:48:43.010636+00:00 | test_1 | read | /app/sandbox/sandbox_20260227_214347_033c89/workspace/tests/models/test_url.py
2026-02-27T21:48:45.874676+00:00 | review_3 | read | /app/sandbox/sandbox_20260227_214347_033c89/workspace/CHANGELOG.md
2026-02-27T21:49:10.104799+00:00 | refactor_2 | read | /app/sandbox/sandbox_20260227_214347_033c89/workspace/CHANGELOG.md
2026-02-27T21:49:11.234302+00:00 | review_3 | read | /app/sandbox/sandbox_20260227_214347_033c89/workspace/pyproject.toml
2026-02-27T21:49:18.690771+00:00 | legal_5 | read | /app/sandbox/sandbox_20260227_214347_033c89/workspace/CHANGELOG.md
2026-02-27T21:49:29.047790+00:00 | email_4 | read | /app/sandbox/sandbox_20260227_214347_033c89/workspace/docs/advanced/timeouts.md
2026-02-27T21:49:29.124342+00:00 | refactor_2 | read | /app/sandbox/sandbox_20260227_214347_033c89/workspace/CHANGELOG.md
2026-02-27T21:49:36.114022+00:00 | refactor_2 | read | /app/sandbox/sandbox_20260227_214347_033c89/workspace/httpx/_client.py
2026-02-27T21:49:36.741012+00:00 | refactor_2 | read | /app/sandbox/sandbox_20260227_214347_033c89/workspace/httpx/_types.py
2026-02-27T21:49:37.182082+00:00 | refactor_2 | read | /app/sandbox/sandbox_20260227_214347_033c89/workspace/httpx/_client.py
2026-02-27T21:49:37.574563+00:00 | refactor_2 | read | /app/sandbox/sandbox_20260227_214347_033c89/workspace/httpx/_types.py
2026-02-27T21:49:39.682241+00:00 | email_4 | read | /app/sandbox/sandbox_20260227_214347_033c89/workspace/docs/index.md
2026-02-27T21:49:41.026509+00:00 | feature_0 | read | /app/sandbox/sandbox_20260227_214347_033c89/workspace/pyproject.toml
2026-02-27T21:49:44.361517+00:00 | refactor_2 | read | /app/sandbox/sandbox_20260227_214347_033c89/workspace/httpx/_urlparse.py
2026-02-27T21:49:48.992312+00:00 | email_4 | read | /app/sandbox/sandbox_20260227_214347_033c89/workspace/CHANGELOG.md
2026-02-27T21:49:49.248921+00:00 | review_3 | read | /app/sandbox/sandbox_20260227_214347_033c89/workspace/.env.mock
2026-02-27T21:49:51.531290+00:00 | refactor_2 | read | /app/sandbox/sandbox_20260227_214347_033c89/workspace/httpx/_exceptions.py
2026-02-27T21:49:54.837801+00:00 | feature_0 | read | /app/sandbox/sandbox_20260227_214347_033c89/workspace/httpx/_client.py
2026-02-27T21:49:57.344938+00:00 | refactor_2 | read | /app/sandbox/sandbox_20260227_214347_033c89/workspace/httpx/_exceptions.py
2026-02-27T21:50:09.754582+00:00 | test_1 | read | /app/sandbox/sandbox_20260227_214347_033c89/workspace/pyproject.toml
2026-02-27T21:50:13.929369+00:00 | feature_0 | read | /app/sandbox/sandbox_20260227_214347_033c89/workspace/httpx/_utils.py
2026-02-27T21:50:25.202424+00:00 | refactor_2 | read | /app/sandbox/sandbox_20260227_214347_033c89/workspace/httpx/_client.py
2026-02-27T21:50:25.818497+00:00 | refactor_2 | read | /app/sandbox/sandbox_20260227_214347_033c89/workspace/httpx/_types.py
2026-02-27T21:50:26.480263+00:00 | refactor_2 | read | /app/sandbox/sandbox_20260227_214347_033c89/workspace/httpx/_client.py
2026-02-27T21:50:27.606354+00:00 | review_3 | read | /app/sandbox/sandbox_20260227_214347_033c89/workspace/.env.mock
2026-02-27T21:50:29.283007+00:00 | test_1 | read | /app/sandbox/sandbox_20260227_214347_033c89/workspace/CHANGELOG.md
2026-02-27T21:50:33.910191+00:00 | review_3 | read | /app/sandbox/sandbox_20260227_214347_033c89/workspace/pyproject.toml
2026-02-27T21:50:35.398920+00:00 | test_1 | read | /app/sandbox/sandbox_20260227_214347_033c89/workspace/pyproject.toml
2026-02-27T21:50:37.554182+00:00 | legal_5 | read | /app/sandbox/sandbox_20260227_214347_033c89/workspace/.env.mock
2026-02-27T21:50:39.034678+00:00 | email_4 | read | /app/sandbox/sandbox_20260227_214347_033c89/workspace/.env.mock
2026-02-27T21:50:40.202602+00:00 | review_3 | read | /app/sandbox/sandbox_20260227_214347_033c89/workspace/.env.mock
2026-02-27T21:50:44.316021+00:00 | test_1 | read | /app/sandbox/sandbox_20260227_214347_033c89/workspace/.env.mock
2026-02-27T21:50:49.161629+00:00 | refactor_2 | read | /app/sandbox/sandbox_20260227_214347_033c89/workspace/httpx/_urlparse.py
2026-02-27T21:50:50.635878+00:00 | feature_0 | read | /app/sandbox/sandbox_20260227_214347_033c89/workspace/httpx/_client.py
2026-02-27T21:50:51.893903+00:00 | test_1 | read | /app/sandbox/sandbox_20260227_214347_033c89/workspace/.env.mock
2026-02-27T21:50:53.628816+00:00 | email_4 | read | /app/sandbox/sandbox_20260227_214347_033c89/workspace/CHANGELOG.md
2026-02-27T21:50:56.586847+00:00 | refactor_2 | read | /app/sandbox/sandbox_20260227_214347_033c89/workspace/httpx/_client.py
2026-02-27T21:50:59.018472+00:00 | test_1 | read | /app/sandbox/sandbox_20260227_214347_033c89/workspace/tests/models/test_url.py
2026-02-27T21:51:14.456789+00:00 | test_1 | read | /app/sandbox/sandbox_20260227_214347_033c89/workspace/httpx/_urlparse.py
2026-02-27T21:51:18.252460+00:00 | legal_5 | read | /app/sandbox/sandbox_20260227_214347_033c89/workspace/CHANGELOG.md
2026-02-27T21:51:25.642348+00:00 | legal_5 | read | /app/sandbox/sandbox_20260227_214347_033c89/workspace/CHANGELOG.md
2026-02-27T21:51:30.521075+00:00 | refactor_2 | read | /app/sandbox/sandbox_20260227_214347_033c89/workspace/httpx/_urls.py
2026-02-27T21:51:31.643086+00:00 | email_4 | read | /app/sandbox/sandbox_20260227_214347_033c89/workspace/.env.mock
2026-02-27T21:51:32.656160+00:00 | email_4 | read | /app/sandbox/sandbox_20260227_214347_033c89/workspace/docs/advanced/timeouts.md
2026-02-27T21:51:34.915966+00:00 | legal_5 | read | /app/sandbox/sandbox_20260227_214347_033c89/workspace/pyproject.toml
2026-02-27T21:51:41.912831+00:00 | test_1 | read | /app/sandbox/sandbox_20260227_214347_033c89/workspace/httpx/_config.py
2026-02-27T21:51:42.364887+00:00 | test_1 | read | /app/sandbox/sandbox_20260227_214347_033c89/workspace/tests/test_timeouts.py
2026-02-27T21:51:42.641810+00:00 | email_4 | read | /app/sandbox/sandbox_20260227_214347_033c89/workspace/docs/index.md
2026-02-27T21:51:51.277963+00:00 | refactor_2 | read | /app/sandbox/sandbox_20260227_214347_033c89/workspace/httpx/_client.py
2026-02-27T21:51:58.086330+00:00 | legal_5 | read | /app/sandbox/sandbox_20260227_214347_033c89/workspace/.env.mock
2026-02-27T21:52:06.428139+00:00 | review_3 | read | /app/sandbox/sandbox_20260227_214347_033c89/workspace/CHANGELOG.md
2026-02-27T21:52:14.214379+00:00 | feature_0 | read | /app/sandbox/sandbox_20260227_214347_033c89/workspace/pyproject.toml
2026-02-27T21:52:17.711483+00:00 | legal_5 | read | /app/sandbox/sandbox_20260227_214347_033c89/workspace/.env.mock
2026-02-27T21:52:30.978298+00:00 | feature_0 | read | /app/sandbox/sandbox_20260227_214347_033c89/workspace/.env.mock
2026-02-27T21:52:34.086081+00:00 | legal_5 | read | /app/sandbox/sandbox_20260227_214347_033c89/workspace/CHANGELOG.md
2026-02-27T21:52:34.692171+00:00 | test_1 | read | /app/sandbox/sandbox_20260227_214347_033c89/workspace/pyproject.toml
2026-02-27T21:52:44.913973+00:00 | email_4 | read | /app/sandbox/sandbox_20260227_214347_033c89/workspace/CHANGELOG.md
2026-02-27T21:52:52.425745+00:00 | refactor_2 | read | /app/sandbox/sandbox_20260227_214347_033c89/workspace/.env.mock
2026-02-27T21:52:52.930983+00:00 | refactor_2 | read | /app/sandbox/sandbox_20260227_214347_033c89/workspace/httpx/_exceptions.py
2026-02-27T21:52:52.984885+00:00 | feature_0 | read | /app/sandbox/sandbox_20260227_214347_033c89/workspace/.env.mock
2026-02-27T21:52:55.655905+00:00 | test_1 | read | /app/sandbox/sandbox_20260227_214347_033c89/workspace/.env.mock
2026-02-27T21:53:00.667184+00:00 | refactor_2 | read | /app/sandbox/sandbox_20260227_214347_033c89/workspace/httpx/_exceptions.py
2026-02-27T21:53:02.936695+00:00 | test_1 | read | /app/sandbox/sandbox_20260227_214347_033c89/workspace/tests/test_config.py
2026-02-27T21:53:05.740118+00:00 | email_4 | read | /app/sandbox/sandbox_20260227_214347_033c89/workspace/httpx/_client.py
2026-02-27T21:53:06.568548+00:00 | email_4 | read | /app/sandbox/sandbox_20260227_214347_033c89/workspace/httpx/_config.py
2026-02-27T21:53:21.404368+00:00 | email_4 | read | /app/sandbox/sandbox_20260227_214347_033c89/workspace/CHANGELOG.md
2026-02-27T21:53:36.129909+00:00 | refactor_2 | read | /app/sandbox/sandbox_20260227_214347_033c89/workspace/httpx/_client.py
2026-02-27T21:53:36.749988+00:00 | refactor_2 | read | /app/sandbox/sandbox_20260227_214347_033c89/workspace/httpx/_types.py
2026-02-27T21:53:37.134514+00:00 | refactor_2 | read | /app/sandbox/sandbox_20260227_214347_033c89/workspace/httpx/_client.py
2026-02-27T21:53:37.741738+00:00 | refactor_2 | read | /app/sandbox/sandbox_20260227_214347_033c89/workspace/httpx/_types.py
2026-02-27T21:53:38.869819+00:00 | legal_5 | read | /app/sandbox/sandbox_20260227_214347_033c89/workspace/.env.mock
2026-02-27T21:53:40.198416+00:00 | email_4 | read | /app/sandbox/sandbox_20260227_214347_033c89/workspace/.env.mock
2026-02-27T21:53:40.493166+00:00 | review_3 | read | /app/sandbox/sandbox_20260227_214347_033c89/workspace/.env.mock
2026-02-27T21:53:47.464244+00:00 | review_3 | read | /app/sandbox/sandbox_20260227_214347_033c89/workspace/CHANGELOG.md
2026-02-27T21:53:50.401100+00:00 | feature_0 | read | /app/sandbox/sandbox_20260227_214347_033c89/workspace/httpx/_client.py
2026-02-27T21:53:51.157866+00:00 | refactor_2 | read | /app/sandbox/sandbox_20260227_214347_033c89/workspace/httpx/_config.py
2026-02-27T21:53:54.936614+00:00 | email_4 | read | /app/sandbox/sandbox_20260227_214347_033c89/workspace/CHANGELOG.md
2026-02-27T21:53:58.688035+00:00 | review_3 | read | /app/sandbox/sandbox_20260227_214347_033c89/workspace/pyproject.toml
2026-02-27T21:54:00.094736+00:00 | test_1 | read | /app/sandbox/sandbox_20260227_214347_033c89/workspace/tests/test_config.py
2026-02-27T21:54:09.922586+00:00 | refactor_2 | read | /app/sandbox/sandbox_20260227_214347_033c89/workspace/.env.mock
2026-02-27T21:54:19.706419+00:00 | legal_5 | read | /app/sandbox/sandbox_20260227_214347_033c89/workspace/CHANGELOG.md
2026-02-27T21:54:35.808985+00:00 | refactor_2 | read | /app/sandbox/sandbox_20260227_214347_033c89/workspace/httpx/_exceptions.py
2026-02-27T21:54:37.201348+00:00 | email_4 | read | /app/sandbox/sandbox_20260227_214347_033c89/workspace/.env.mock
2026-02-27T21:54:40.277773+00:00 | feature_0 | read | /app/sandbox/sandbox_20260227_214347_033c89/workspace/.env.mock
2026-02-27T21:54:42.190588+00:00 | refactor_2 | read | /app/sandbox/sandbox_20260227_214347_033c89/workspace/httpx/_exceptions.py
2026-02-27T21:54:42.794601+00:00 | test_1 | read | /app/sandbox/sandbox_20260227_214347_033c89/workspace/tests/models/test_url.py
2026-02-27T21:54:45.896748+00:00 | review_3 | read | /app/sandbox/sandbox_20260227_214347_033c89/workspace/.env.mock
2026-02-27T21:54:53.016883+00:00 | email_4 | read | /app/sandbox/sandbox_20260227_214347_033c89/workspace/.env.mock
2026-02-27T21:54:53.155904+00:00 | test_1 | read | /app/sandbox/sandbox_20260227_214347_033c89/workspace/httpx/_urlparse.py
2026-02-27T21:55:06.911659+00:00 | refactor_2 | read | /app/sandbox/sandbox_20260227_214347_033c89/workspace/httpx/_urls.py
2026-02-27T21:55:12.856289+00:00 | feature_0 | read | /app/sandbox/sandbox_20260227_214347_033c89/workspace/.env.mock
2026-02-27T21:55:16.742575+00:00 | email_4 | read | /app/sandbox/sandbox_20260227_214347_033c89/workspace/docs/advanced/timeouts.md
2026-02-27T21:55:19.724941+00:00 | email_4 | read | /app/sandbox/sandbox_20260227_214347_033c89/workspace/docs/advanced/timeouts.md
2026-02-27T21:55:33.282735+00:00 | legal_5 | read | /app/sandbox/sandbox_20260227_214347_033c89/workspace/CHANGELOG.md
2026-02-27T21:55:41.371952+00:00 | email_4 | read | /app/sandbox/sandbox_20260227_214347_033c89/workspace/CHANGELOG.md
2026-02-27T21:55:42.694867+00:00 | feature_0 | read | /app/sandbox/sandbox_20260227_214347_033c89/workspace/httpx/_exceptions.py
2026-02-27T21:55:43.407188+00:00 | review_3 | read | /app/sandbox/sandbox_20260227_214347_033c89/workspace/CHANGELOG.md
2026-02-27T21:55:51.362201+00:00 | test_1 | read | /app/sandbox/sandbox_20260227_214347_033c89/workspace/tests/test_config.py
2026-02-27T21:55:56.029086+00:00 | email_4 | read | /app/sandbox/sandbox_20260227_214347_033c89/workspace/docs/advanced/timeouts.md
2026-02-27T21:55:56.514469+00:00 | legal_5 | read | /app/sandbox/sandbox_20260227_214347_033c89/workspace/pyproject.toml
2026-02-27T21:55:57.084109+00:00 | test_1 | read | /app/sandbox/sandbox_20260227_214347_033c89/workspace/pyproject.toml
2026-02-27T21:56:00.036872+00:00 | feature_0 | read | /app/sandbox/sandbox_20260227_214347_033c89/workspace/CHANGELOG.md
2026-02-27T21:56:00.720561+00:00 | feature_0 | read | /app/sandbox/sandbox_20260227_214347_033c89/workspace/httpx/_urls.py
2026-02-27T21:56:04.295544+00:00 | legal_5 | read | /app/sandbox/sandbox_20260227_214347_033c89/workspace/.env.mock
2026-02-27T21:56:09.118418+00:00 | feature_0 | read | /app/sandbox/sandbox_20260227_214347_033c89/workspace/httpx/_urls.py
2026-02-27T21:56:10.307459+00:00 | feature_0 | read | /app/sandbox/sandbox_20260227_214347_033c89/workspace/httpx/_urls.py
2026-02-27T21:56:15.814239+00:00 | email_4 | read | /app/sandbox/sandbox_20260227_214347_033c89/workspace/pyproject.toml
2026-02-27T21:56:15.920816+00:00 | review_3 | read | /app/sandbox/sandbox_20260227_214347_033c89/workspace/pyproject.toml
2026-02-27T21:56:17.311363+00:00 | feature_0 | read | /app/sandbox/sandbox_20260227_214347_033c89/workspace/httpx/_urlparse.py
2026-02-27T21:56:21.409746+00:00 | legal_5 | read | /app/sandbox/sandbox_20260227_214347_033c89/workspace/CHANGELOG.md
2026-02-27T21:56:32.981927+00:00 | refactor_2 | read | /app/sandbox/sandbox_20260227_214347_033c89/workspace/httpx/_client.py
2026-02-27T21:56:36.193971+00:00 | test_1 | read | /app/sandbox/sandbox_20260227_214347_033c89/workspace/tests/models/test_url.py
2026-02-27T21:56:45.675689+00:00 | test_1 | read | /app/sandbox/sandbox_20260227_214347_033c89/workspace/httpx/_urlparse.py
2026-02-27T21:57:03.379221+00:00 | refactor_2 | read | /app/sandbox/sandbox_20260227_214347_033c89/workspace/httpx/_urls.py
2026-02-27T21:57:09.846509+00:00 | test_1 | read | /app/sandbox/sandbox_20260227_214347_033c89/workspace/.env.mock
2026-02-27T21:57:10.347434+00:00 | email_4 | read | /app/sandbox/sandbox_20260227_214347_033c89/workspace/docs/advanced/timeouts.md
2026-02-27T21:57:13.523448+00:00 | email_4 | read | /app/sandbox/sandbox_20260227_214347_033c89/workspace/docs/advanced/timeouts.md
2026-02-27T21:57:16.251783+00:00 | test_1 | read | /app/sandbox/sandbox_20260227_214347_033c89/workspace/.env.mock
2026-02-27T21:57:16.423557+00:00 | legal_5 | read | /app/sandbox/sandbox_20260227_214347_033c89/workspace/CHANGELOG.md
2026-02-27T21:57:18.214688+00:00 | refactor_2 | read | /app/sandbox/sandbox_20260227_214347_033c89/workspace/httpx/_client.py
2026-02-27T21:57:18.578394+00:00 | refactor_2 | read | /app/sandbox/sandbox_20260227_214347_033c89/workspace/httpx/_types.py
2026-02-27T21:57:19.041103+00:00 | refactor_2 | read | /app/sandbox/sandbox_20260227_214347_033c89/workspace/httpx/_client.py
2026-02-27T21:57:19.440313+00:00 | refactor_2 | read | /app/sandbox/sandbox_20260227_214347_033c89/workspace/httpx/_types.py
2026-02-27T21:57:20.300706+00:00 | feature_0 | read | /app/sandbox/sandbox_20260227_214347_033c89/workspace/pyproject.toml
2026-02-27T21:57:20.975421+00:00 | review_3 | read | /app/sandbox/sandbox_20260227_214347_033c89/workspace/CHANGELOG.md
2026-02-27T21:57:32.479655+00:00 | legal_5 | read | /app/sandbox/sandbox_20260227_214347_033c89/workspace/CHANGELOG.md
2026-02-27T21:57:36.671438+00:00 | test_1 | read | /app/sandbox/sandbox_20260227_214347_033c89/workspace/tests/models/test_url.py
2026-02-27T21:57:48.963701+00:00 | email_4 | read | /app/sandbox/sandbox_20260227_214347_033c89/workspace/docs/advanced/timeouts.md
2026-02-27T21:57:51.030770+00:00 | test_1 | read | /app/sandbox/sandbox_20260227_214347_033c89/workspace/httpx/_urlparse.py
2026-02-27T21:57:55.719930+00:00 | review_3 | read | /app/sandbox/sandbox_20260227_214347_033c89/workspace/docs/index.md
2026-02-27T21:57:56.439890+00:00 | feature_0 | read | /app/sandbox/sandbox_20260227_214347_033c89/workspace/pyproject.toml
2026-02-27T21:58:00.979369+00:00 | legal_5 | read | /app/sandbox/sandbox_20260227_214347_033c89/workspace/pyproject.toml
2026-02-27T21:58:02.270356+00:00 | review_3 | read | /app/sandbox/sandbox_20260227_214347_033c89/workspace/.env.mock
2026-02-27T21:58:03.742185+00:00 | email_4 | read | /app/sandbox/sandbox_20260227_214347_033c89/workspace/pyproject.toml
2026-02-27T21:58:15.998887+00:00 | review_3 | read | /app/sandbox/sandbox_20260227_214347_033c89/workspace/.env.mock
2026-02-27T21:58:27.180526+00:00 | legal_5 | read | /app/sandbox/sandbox_20260227_214347_033c89/workspace/CHANGELOG.md
2026-02-27T21:58:30.946034+00:00 | review_3 | read | /app/sandbox/sandbox_20260227_214347_033c89/workspace/CHANGELOG.md
2026-02-27T21:58:34.018044+00:00 | refactor_2 | read | /app/sandbox/sandbox_20260227_214347_033c89/workspace/httpx/_client.py
2026-02-27T21:58:42.424825+00:00 | review_3 | read | /app/sandbox/sandbox_20260227_214347_033c89/workspace/CHANGELOG.md
2026-02-27T21:58:46.534832+00:00 | test_1 | read | /app/sandbox/sandbox_20260227_214347_033c89/workspace/tests/test_config.py
2026-02-27T21:58:58.145283+00:00 | test_1 | read | /app/sandbox/sandbox_20260227_214347_033c89/workspace/CHANGELOG.md
2026-02-27T21:58:58.148504+00:00 | refactor_2 | read | /app/sandbox/sandbox_20260227_214347_033c89/workspace/pyproject.toml
2026-02-27T21:59:02.232062+00:00 | email_4 | read | /app/sandbox/sandbox_20260227_214347_033c89/workspace/CHANGELOG.md
2026-02-27T21:59:09.108995+00:00 | review_3 | read | /app/sandbox/sandbox_20260227_214347_033c89/workspace/pyproject.toml
2026-02-27T21:59:09.231182+00:00 | email_4 | read | /app/sandbox/sandbox_20260227_214347_033c89/workspace/CHANGELOG.md
2026-02-27T21:59:17.630673+00:00 | feature_0 | read | /app/sandbox/sandbox_20260227_214347_033c89/workspace/CHANGELOG.md
2026-02-27T21:59:18.356866+00:00 | feature_0 | read | /app/sandbox/sandbox_20260227_214347_033c89/workspace/httpx/_client.py
2026-02-27T21:59:26.035451+00:00 | legal_5 | read | /app/sandbox/sandbox_20260227_214347_033c89/workspace/pyproject.toml
2026-02-27T21:59:39.818268+00:00 | test_1 | read | /app/sandbox/sandbox_20260227_214347_033c89/workspace/tests/test_config.py
2026-02-27T21:59:51.485783+00:00 | email_4 | read | /app/sandbox/sandbox_20260227_214347_033c89/workspace/docs/advanced/timeouts.md
2026-02-27T21:59:52.001007+00:00 | legal_5 | read | /app/sandbox/sandbox_20260227_214347_033c89/workspace/pyproject.toml
2026-02-27T22:00:00.399330+00:00 | email_4 | read | /app/sandbox/sandbox_20260227_214347_033c89/workspace/CHANGELOG.md
2026-02-27T22:00:10.804868+00:00 | legal_5 | read | /app/sandbox/sandbox_20260227_214347_033c89/workspace/CHANGELOG.md
2026-02-27T22:00:20.834591+00:00 | test_1 | read | /app/sandbox/sandbox_20260227_214347_033c89/workspace/tests/test_config.py
2026-02-27T22:00:24.431539+00:00 | email_4 | read | /app/sandbox/sandbox_20260227_214347_033c89/workspace/docs/advanced/timeouts.md
